f:\vistualstudio\sevensortsolution\bubblesort\debug\sevensort.obj
f:\vistualstudio\sevensortsolution\bubblesort\debug\testbench.obj
f:\vistualstudio\sevensortsolution\bubblesort\debug\tool.obj
f:\vistualstudio\sevensortsolution\bubblesort\debug\vc100.pdb
f:\vistualstudio\sevensortsolution\debug\bubblesort.ilk
f:\vistualstudio\sevensortsolution\debug\bubblesort.exe
f:\vistualstudio\sevensortsolution\bubblesort\debug\bubblesort.exe.intermediate.manifest
f:\vistualstudio\sevensortsolution\debug\bubblesort.pdb
f:\vistualstudio\sevensortsolution\debug\bubblesort.exe.manifest
f:\vistualstudio\sevensortsolution\bubblesort\debug\bubblesort.exe.embed.manifest.res
f:\vs2015\sevensortsolution\bubblesort\debug\vc140.pdb
f:\vs2015\sevensortsolution\bubblesort\debug\vc140.idb
f:\vs2015\sevensortsolution\bubblesort\debug\bubblesort.obj
f:\vs2015\sevensortsolution\bubblesort\debug\testbench.obj
f:\vs2015\sevensortsolution\bubblesort\debug\tool.obj
f:\vs2015\sevensortsolution\bubblesort\debug\insertsort.obj
f:\vs2015\sevensortsolution\bubblesort\debug\shellsort.obj
f:\vs2015\sevensortsolution\bubblesort\debug\selectsort.obj
f:\vs2015\sevensortsolution\bubblesort\debug\merge.obj
f:\vs2015\sevensortsolution\bubblesort\debug\quicksort.obj
f:\vs2015\sevensortsolution\debug\bubblesort.ilk
f:\vs2015\sevensortsolution\debug\bubblesort.exe
f:\vs2015\sevensortsolution\bubblesort\debug\bubblesort.exe.intermediate.manifest
f:\vs2015\sevensortsolution\debug\bubblesort.pdb
f:\vs2015\sevensortsolution\bubblesort\debug\bubblesort.vcxprojresolveassemblyreference.cache
f:\vs2015\sevensortsolution\bubblesort\debug\sevensort.obj
f:\vs2015\sevensortsolution\bubblesort\debug\bubblesort.write.1.tlog
f:\vs2015\sevensortsolution\bubblesort\debug\cl.command.1.tlog
f:\vs2015\sevensortsolution\bubblesort\debug\cl.read.1.tlog
f:\vs2015\sevensortsolution\bubblesort\debug\cl.write.1.tlog
f:\vs2015\sevensortsolution\bubblesort\debug\link.6316.read.1.tlog
f:\vs2015\sevensortsolution\bubblesort\debug\link.6316.write.1.tlog
f:\vs2015\sevensortsolution\bubblesort\debug\link.command.1.tlog
f:\vs2015\sevensortsolution\bubblesort\debug\link.read.1.tlog
f:\vs2015\sevensortsolution\bubblesort\debug\link.write.1.tlog
f:\vs2015\sevensortsolution\bubblesort\debug\mt.command.1.tlog
f:\vs2015\sevensortsolution\bubblesort\debug\mt.read.1.tlog
f:\vs2015\sevensortsolution\bubblesort\debug\mt.write.1.tlog
f:\vs2015\sevensortsolution\bubblesort\debug\rc.command.1.tlog
f:\vs2015\sevensortsolution\bubblesort\debug\rc.read.1.tlog
f:\vs2015\sevensortsolution\bubblesort\debug\rc.write.1.tlog
f:\vs2015\sevensortsolution\bubblesort\debug\bubblesort.exe.embed.manifest
f:\vs2015\sevensortsolution\bubblesort\debug\bubblesort.exe.embed.manifest.res
f:\vs2015\sevensortsolution\bubblesort\debug\vc100.idb
f:\vs2015\sevensortsolution\bubblesort\debug\vc100.pdb
f:\vs2015\sevensortsolution\bubblesort\debug\bubblesort_manifest.rc
f:\vs2015\sevensortsolution\debug\bubblesort.exe.manifest
f:\vs2015\sevensortsolution\bubblesort\debug\bubblesort.tlog\cl.command.1.tlog
f:\vs2015\sevensortsolution\bubblesort\debug\bubblesort.tlog\cl.read.1.tlog
f:\vs2015\sevensortsolution\bubblesort\debug\bubblesort.tlog\cl.write.1.tlog
f:\vs2015\sevensortsolution\bubblesort\debug\bubblesort.tlog\link.command.1.tlog
f:\vs2015\sevensortsolution\bubblesort\debug\bubblesort.tlog\link.read.1.tlog
f:\vs2015\sevensortsolution\bubblesort\debug\bubblesort.tlog\link.write.1.tlog
f:\vs2015\sevensortsolution\bubblesort\debug\bubblesort.tlog\mt.command.1.tlog
f:\vs2015\sevensortsolution\bubblesort\debug\bubblesort.tlog\mt.read.1.tlog
f:\vs2015\sevensortsolution\bubblesort\debug\bubblesort.tlog\mt.write.1.tlog
