Release 14.7 - xst P.20131013 (nt64)
Copyright (c) 1995-2013 Xilinx, Inc.  All rights reserved.
--> Parameter TMPDIR set to xst/projnav.tmp


Total REAL time to Xst completion: 1.00 secs
Total CPU time to Xst completion: 0.17 secs
 
--> Parameter xsthdpdir set to xst


Total REAL time to Xst completion: 1.00 secs
Total CPU time to Xst completion: 0.17 secs
 
--> Reading design: Top.prj

TABLE OF CONTENTS
  1) Synthesis Options Summary
  2) HDL Parsing
  3) HDL Elaboration
  4) HDL Synthesis
       4.1) HDL Synthesis Report
  5) Advanced HDL Synthesis
       5.1) Advanced HDL Synthesis Report
  6) Low Level Synthesis
  7) Partition Report
  8) Design Summary
       8.1) Primitive and Black Box Usage
       8.2) Device utilization summary
       8.3) Partition Resource Summary
       8.4) Timing Report
            8.4.1) Clock Information
            8.4.2) Asynchronous Control Signals Information
            8.4.3) Timing Summary
            8.4.4) Timing Details
            8.4.5) Cross Clock Domains Report


=========================================================================
*                      Synthesis Options Summary                        *
=========================================================================
---- Source Parameters
Input File Name                    : "Top.prj"
Ignore Synthesis Constraint File   : NO

---- Target Parameters
Output File Name                   : "Top"
Output Format                      : NGC
Target Device                      : xc6slx16-3-csg324

---- Source Options
Top Module Name                    : Top
Automatic FSM Extraction           : YES
FSM Encoding Algorithm             : Auto
Safe Implementation                : No
FSM Style                          : LUT
RAM Extraction                     : Yes
RAM Style                          : Auto
ROM Extraction                     : Yes
Shift Register Extraction          : YES
ROM Style                          : Auto
Resource Sharing                   : YES
Asynchronous To Synchronous        : NO
Shift Register Minimum Size        : 2
Use DSP Block                      : Auto
Automatic Register Balancing       : No

---- Target Options
LUT Combining                      : Auto
Reduce Control Sets                : Auto
Add IO Buffers                     : YES
Global Maximum Fanout              : 100000
Add Generic Clock Buffer(BUFG)     : 16
Register Duplication               : YES
Optimize Instantiated Primitives   : NO
Use Clock Enable                   : Auto
Use Synchronous Set                : Auto
Use Synchronous Reset              : Auto
Pack IO Registers into IOBs        : Auto
Equivalent register Removal        : YES

---- General Options
Optimization Goal                  : Speed
Optimization Effort                : 1
Power Reduction                    : NO
Keep Hierarchy                     : Yes
Netlist Hierarchy                  : As_Optimized
RTL Output                         : Yes
Global Optimization                : AllClockNets
Read Cores                         : YES
Write Timing Constraints           : NO
Cross Clock Analysis               : NO
Hierarchy Separator                : /
Bus Delimiter                      : <>
Case Specifier                     : Maintain
Slice Utilization Ratio            : 100
BRAM Utilization Ratio             : 100
DSP48 Utilization Ratio            : 100
Auto BRAM Packing                  : NO
Slice Utilization Ratio Delta      : 5

---- Other Options
Cores Search Directories           : {"ipcore_dir"  }

=========================================================================


=========================================================================
*                          HDL Parsing                                  *
=========================================================================
Analyzing Verilog file "F:\ISE\Lab04\ipcore_dir\Clk_gen.v" into library work
Parsing module <Clk_gen>.
Analyzing Verilog file "F:\ISE\Lab04\signext.v" into library work
Parsing module <signext>.
Analyzing Verilog file "F:\ISE\Lab04\register.v" into library work
Parsing module <register>.
Analyzing Verilog file "F:\ISE\Lab04\Instruction_memory.v" into library work
Parsing module <Instruction_memory>.
Analyzing Verilog file "F:\ISE\Lab04\Data_memory.v" into library work
Parsing module <Data_memory>.
Analyzing Verilog file "F:\ISE\Lab04\Ctr.v" into library work
Parsing module <Ctr>.
Analyzing Verilog file "F:\ISE\Lab04\ALU.v" into library work
Parsing module <ALU>.
Analyzing Verilog file "F:\ISE\Lab04\Top.v" into library work
Parsing module <Top>.

=========================================================================
*                            HDL Elaboration                            *
=========================================================================
WARNING:HDLCompiler:1016 - "F:\ISE\Lab04\Top.v" Line 96: Port MemRead is not connected to this instance

Elaborating module <Top>.

Elaborating module <Clk_gen>.

Elaborating module <IBUFG>.

Elaborating module <DCM_SP(CLKDV_DIVIDE=2.0,CLKFX_DIVIDE=25,CLKFX_MULTIPLY=8,CLKIN_DIVIDE_BY_2="FALSE",CLKIN_PERIOD=10.0,CLKOUT_PHASE_SHIFT="NONE",CLK_FEEDBACK="1X",DESKEW_ADJUST="SYSTEM_SYNCHRONOUS",PHASE_SHIFT=0,STARTUP_WAIT="FALSE")>.
WARNING:HDLCompiler:1127 - "F:\ISE\Lab04\ipcore_dir\Clk_gen.v" Line 130: Assignment to status_int ignored, since the identifier is never used

Elaborating module <BUFG>.
WARNING:HDLCompiler:1127 - "F:\ISE\Lab04\Top.v" Line 69: Assignment to Funct ignored, since the identifier is never used

Elaborating module <ALU>.

Elaborating module <register>.
Reading initialization file \"register\".

Elaborating module <Ctr>.

Elaborating module <Data_memory>.
Reading initialization file \"Data\".

Elaborating module <Instruction_memory>.
Reading initialization file \"Instruction\".
WARNING:HDLCompiler:91 - "F:\ISE\Lab04\Instruction_memory.v" Line 36: Signal <InstMem> missing in the sensitivity list is added for synthesis purposes. HDL and post-synthesis simulations may differ as a result.

Elaborating module <signext>.
WARNING:HDLCompiler:413 - "F:\ISE\Lab04\Top.v" Line 145: Result of 8-bit expression is truncated to fit in 1-bit target.
WARNING:HDLCompiler:1127 - "F:\ISE\Lab04\Top.v" Line 145: Assignment to Led ignored, since the identifier is never used
WARNING:Xst:2972 - "F:\ISE\Lab04\Top.v" line 71. All outputs of instance <ALU> of block <ALU> are unconnected in block <Top>. Underlying logic will be removed.
WARNING:Xst:2972 - "F:\ISE\Lab04\Top.v" line 81. All outputs of instance <register> of block <register> are unconnected in block <Top>. Underlying logic will be removed.
WARNING:Xst:2972 - "F:\ISE\Lab04\Top.v" line 96. All outputs of instance <Ctr> of block <Ctr> are unconnected in block <Top>. Underlying logic will be removed.
WARNING:Xst:2972 - "F:\ISE\Lab04\Top.v" line 109. All outputs of instance <DMemory> of block <Data_memory> are unconnected in block <Top>. Underlying logic will be removed.
WARNING:Xst:2972 - "F:\ISE\Lab04\Top.v" line 120. All outputs of instance <IMemory> of block <Instruction_memory> are unconnected in block <Top>. Underlying logic will be removed.
WARNING:Xst:2972 - "F:\ISE\Lab04\Top.v" line 125. All outputs of instance <SignExtern> of block <signext> are unconnected in block <Top>. Underlying logic will be removed.

=========================================================================
*                           HDL Synthesis                               *
=========================================================================

Synthesizing Unit <Top>.
    Related source file is "F:\ISE\Lab04\Top.v".
WARNING:Xst:647 - Input <switch> is never used. This port will be preserved and left unconnected if it belongs to a top-level block or it belongs to a sub-block and the hierarchy of this sub-block is preserved.
INFO:Xst:3210 - "F:\ISE\Lab04\Top.v" line 62: Output port <LOCKED> of the instance <Clock> is unconnected or connected to loadless signal.
INFO:Xst:3210 - "F:\ISE\Lab04\Top.v" line 96: Output port <MemRead> of the instance <Ctr> is unconnected or connected to loadless signal.
    Summary:
	no macro.
Unit <Top> synthesized.

Synthesizing Unit <Clk_gen>.
    Related source file is "F:\ISE\Lab04\ipcore_dir\Clk_gen.v".
    Summary:
	no macro.
Unit <Clk_gen> synthesized.

=========================================================================
HDL Synthesis Report

Found no macro
=========================================================================

=========================================================================
*                       Advanced HDL Synthesis                          *
=========================================================================


=========================================================================
Advanced HDL Synthesis Report

Found no macro
=========================================================================

=========================================================================
*                         Low Level Synthesis                           *
=========================================================================

Optimizing unit <Top> ...

Optimizing unit <Clk_gen> ...

Mapping all equations...
Building and optimizing final netlist ...
Found area constraint ratio of 100 (+ 5) on block Top, actual ratio is 0.

Final Macro Processing ...

=========================================================================
Final Register Report

Found no macro
=========================================================================

=========================================================================
*                           Partition Report                            *
=========================================================================

Partition Implementation Status
-------------------------------

  No Partitions were found in this design.

-------------------------------

=========================================================================
*                            Design Summary                             *
=========================================================================

Top Level Output File Name         : Top.ngc

Primitive and Black Box Usage:
------------------------------
# BELS                             : 1
#      GND                         : 1
# Clock Buffers                    : 2
#      BUFG                        : 2
# IO Buffers                       : 2
#      IBUF                        : 1
#      IBUFG                       : 1
# DCMs                             : 1
#      DCM_SP                      : 1

Device utilization summary:
---------------------------

Selected Device : 6slx16csg324-3 


Slice Logic Utilization: 

Slice Logic Distribution: 
 Number of LUT Flip Flop pairs used:      0
   Number with an unused Flip Flop:       0  out of      0         
   Number with an unused LUT:             0  out of      0         
   Number of fully used LUT-FF pairs:     0  out of      0         
   Number of unique control sets:         0

IO Utilization: 
 Number of IOs:                          18
 Number of bonded IOBs:                   1  out of    232     0%  

Specific Feature Utilization:
 Number of BUFG/BUFGCTRLs:                2  out of     16    12%  

---------------------------
Partition Resource Summary:
---------------------------

  No Partitions were found in this design.

---------------------------


=========================================================================
Timing Report

NOTE: THESE TIMING NUMBERS ARE ONLY A SYNTHESIS ESTIMATE.
      FOR ACCURATE TIMING INFORMATION PLEASE REFER TO THE TRACE REPORT
      GENERATED AFTER PLACE-and-ROUTE.

Clock Information:
------------------
No clock signals found in this design

Asynchronous Control Signals Information:
----------------------------------------
No asynchronous control signals found in this design

Timing Summary:
---------------
Speed Grade: -3

   Minimum period: No path found
   Minimum input arrival time before clock: No path found
   Maximum output required time after clock: No path found
   Maximum combinational path delay: No path found

Timing Details:
---------------
All values displayed in nanoseconds (ns)

=========================================================================

Cross Clock Domains Report:
--------------------------

=========================================================================


Total REAL time to Xst completion: 8.00 secs
Total CPU time to Xst completion: 7.90 secs
 
--> 

Total memory usage is 262072 kilobytes

Number of errors   :    0 (   0 filtered)
Number of warnings :   13 (   0 filtered)
Number of infos    :    2 (   0 filtered)

