Release 14.7 Map P.20131013 (nt64)
Xilinx Mapping Report File for Design 'Top'

Design Information
------------------
Command Line   : map -intstyle ise -p xc6slx16-csg324-3 -w -logic_opt off -ol
high -t 1 -xt 0 -register_duplication off -r 4 -global_opt off -mt off -ir off
-pr off -lc off -power off -o Top_map.ncd Top.ngd Top.pcf 
Target Device  : xc6slx16
Target Package : csg324
Target Speed   : -3
Mapper Version : spartan6 -- $Revision: 1.55 $
Mapped Date    : Mon Jul 16 11:01:48 2018

Design Summary
--------------
Number of errors:      0
Number of warnings:   44
Slice Logic Utilization:
  Number of Slice Registers:                 1,279 out of  18,224    7%
    Number used as Flip Flops:               1,278
    Number used as Latches:                      1
    Number used as Latch-thrus:                  0
    Number used as AND/OR logics:                0
  Number of Slice LUTs:                      1,066 out of   9,112   11%
    Number used as logic:                      546 out of   9,112    5%
      Number using O6 output only:             408
      Number using O5 output only:              79
      Number using O5 and O6:                   59
      Number used as ROM:                        0
    Number used as Memory:                     288 out of   2,176   13%
      Number used as Dual Port RAM:              0
      Number used as Single Port RAM:            0
      Number used as Shift Register:           288
        Number using O6 output only:           176
        Number using O5 output only:             2
        Number using O5 and O6:                110
    Number used exclusively as route-thrus:    232
      Number with same-slice register load:    225
      Number with same-slice carry load:         7
      Number with other load:                    0

Slice Logic Distribution:
  Number of occupied Slices:                   438 out of   2,278   19%
  Number of MUXCYs used:                       356 out of   4,556    7%
  Number of LUT Flip Flop pairs used:        1,335
    Number with an unused Flip Flop:           445 out of   1,335   33%
    Number with an unused LUT:                 269 out of   1,335   20%
    Number of fully used LUT-FF pairs:         621 out of   1,335   46%
    Number of unique control sets:              64
    Number of slice register sites lost
      to control set restrictions:             243 out of  18,224    1%

  A LUT Flip Flop pair for this architecture represents one LUT paired with
  one Flip Flop within a slice.  A control set is a unique combination of
  clock, reset, set, and enable signals for a registered element.
  The Slice Logic Distribution report is not meaningful if the design is
  over-mapped for a non-slice resource or if Placement fails.

IO Utilization:
  Number of bonded IOBs:                        50 out of     232   21%
    Number of LOCed IOBs:                       18 out of      50   36%

Specific Feature Utilization:
  Number of RAMB16BWERs:                        24 out of      32   75%
  Number of RAMB8BWERs:                          3 out of      64    4%
  Number of BUFIO2/BUFIO2_2CLKs:                 0 out of      32    0%
  Number of BUFIO2FB/BUFIO2FB_2CLKs:             0 out of      32    0%
  Number of BUFG/BUFGMUXs:                       2 out of      16   12%
    Number used as BUFGs:                        2
    Number used as BUFGMUX:                      0
  Number of DCM/DCM_CLKGENs:                     0 out of       4    0%
  Number of ILOGIC2/ISERDES2s:                   0 out of     248    0%
  Number of IODELAY2/IODRP2/IODRP2_MCBs:         0 out of     248    0%
  Number of OLOGIC2/OSERDES2s:                   0 out of     248    0%
  Number of BSCANs:                              1 out of       4   25%
  Number of BUFHs:                               0 out of     128    0%
  Number of BUFPLLs:                             0 out of       8    0%
  Number of BUFPLL_MCBs:                         0 out of       4    0%
  Number of DSP48A1s:                            0 out of      32    0%
  Number of ICAPs:                               0 out of       1    0%
  Number of MCBs:                                0 out of       2    0%
  Number of PCILOGICSEs:                         0 out of       2    0%
  Number of PLL_ADVs:                            0 out of       2    0%
  Number of PMVs:                                0 out of       1    0%
  Number of STARTUPs:                            0 out of       1    0%
  Number of SUSPEND_SYNCs:                       0 out of       1    0%

  Number of RPM macros:           14
Average Fanout of Non-Clock Nets:                2.61

Peak Memory Usage:  462 MB
Total REAL time to MAP completion:  34 secs 
Total CPU time to MAP completion:   33 secs 

Table of Contents
-----------------
Section 1 - Errors
Section 2 - Warnings
Section 3 - Informational
Section 4 - Removed Logic Summary
Section 5 - Removed Logic
Section 6 - IOB Properties
Section 7 - RPMs
Section 8 - Guide Report
Section 9 - Area Group and Partition Summary
Section 10 - Timing Report
Section 11 - Configuration String Information
Section 12 - Control Set Information
Section 13 - Utilization by Hierarchy

Section 1 - Errors
------------------

Section 2 - Warnings
--------------------
WARNING:Security:42 - Your software subscription period has lapsed. Your current
version of Xilinx tools will continue to function, but you no longer qualify for
Xilinx software updates or new releases.
WARNING:MapLib:328 - Block signext is not a recognized logical block. The mapper
   will continue to process the design but there may be design problems if this
   block does not get trimmed.
WARNING:PhysDesignRules:372 - Gated clock. Clock net icon_control0<13> is
   sourced by a combinatorial pin. This is not good design practice. Use the CE
   pin to control the loading of data into the flip-flop.
WARNING:PhysDesignRules:367 - The signal <SignExtOut<31>> is incomplete. The
   signal does not drive any load pins in the design.
WARNING:PhysDesignRules:367 - The signal <SignExtOut<30>> is incomplete. The
   signal does not drive any load pins in the design.
WARNING:PhysDesignRules:367 - The signal <SignExtOut<28>> is incomplete. The
   signal does not drive any load pins in the design.
WARNING:PhysDesignRules:367 - The signal <SignExtOut<26>> is incomplete. The
   signal does not drive any load pins in the design.
WARNING:PhysDesignRules:367 - The signal <SignExtOut<25>> is incomplete. The
   signal does not drive any load pins in the design.
WARNING:PhysDesignRules:367 - The signal <SignExtOut<24>> is incomplete. The
   signal does not drive any load pins in the design.
WARNING:PhysDesignRules:367 - The signal <SignExtOut<22>> is incomplete. The
   signal does not drive any load pins in the design.
WARNING:PhysDesignRules:367 - The signal <SignExtOut<21>> is incomplete. The
   signal does not drive any load pins in the design.
WARNING:PhysDesignRules:367 - The signal <SignExtOut<20>> is incomplete. The
   signal does not drive any load pins in the design.
WARNING:PhysDesignRules:367 - The signal <SignExtOut<18>> is incomplete. The
   signal does not drive any load pins in the design.
WARNING:PhysDesignRules:367 - The signal <SignExtOut<17>> is incomplete. The
   signal does not drive any load pins in the design.
WARNING:PhysDesignRules:367 - The signal <SignExtOut<16>> is incomplete. The
   signal does not drive any load pins in the design.
WARNING:PhysDesignRules:1176 - Issue with pin connections and/or configuration
   on
   block:<U_ila_pro_0/U0/I_NO_D.U_ILA/U_CAPSTOR/I_CASE1.I_YES_TB.U_TRACE_BUFFER/
   U_RAM/I_S6.U_CS_BRAM_CASCADE_S6/I_DEPTH_LTEQ_16K.U_SBRAM_0/I_B18KGT0.G_RAMB18
   [17].u_ramb18/U_RAMB18>:<RAMB16BWER_RAMB16BWER>.  The block is configured to
   use input parity pin DIBP0. There is dangling output for parity pin DOPB0.
WARNING:PhysDesignRules:1176 - Issue with pin connections and/or configuration
   on
   block:<U_ila_pro_0/U0/I_NO_D.U_ILA/U_CAPSTOR/I_CASE1.I_YES_TB.U_TRACE_BUFFER/
   U_RAM/I_S6.U_CS_BRAM_CASCADE_S6/I_DEPTH_LTEQ_16K.U_SBRAM_0/I_B18KGT0.G_RAMB18
   [12].u_ramb18/U_RAMB18>:<RAMB16BWER_RAMB16BWER>.  The block is configured to
   use input parity pin DIBP0. There is dangling output for parity pin DOPB0.
WARNING:PhysDesignRules:1176 - Issue with pin connections and/or configuration
   on
   block:<U_ila_pro_0/U0/I_NO_D.U_ILA/U_CAPSTOR/I_CASE1.I_YES_TB.U_TRACE_BUFFER/
   U_RAM/I_S6.U_CS_BRAM_CASCADE_S6/I_DEPTH_LTEQ_16K.U_SBRAM_0/I_B18KGT0.G_RAMB18
   [20].u_ramb18/U_RAMB18>:<RAMB16BWER_RAMB16BWER>.  The block is configured to
   use input parity pin DIBP0. There is dangling output for parity pin DOPB0.
WARNING:PhysDesignRules:1176 - Issue with pin connections and/or configuration
   on
   block:<U_ila_pro_0/U0/I_NO_D.U_ILA/U_CAPSTOR/I_CASE1.I_YES_TB.U_TRACE_BUFFER/
   U_RAM/I_S6.U_CS_BRAM_CASCADE_S6/I_DEPTH_LTEQ_16K.U_SBRAM_0/I_B18KGT0.G_RAMB18
   [7].u_ramb18/U_RAMB18>:<RAMB16BWER_RAMB16BWER>.  The block is configured to
   use input parity pin DIBP0. There is dangling output for parity pin DOPB0.
WARNING:PhysDesignRules:1176 - Issue with pin connections and/or configuration
   on
   block:<U_ila_pro_0/U0/I_NO_D.U_ILA/U_CAPSTOR/I_CASE1.I_YES_TB.U_TRACE_BUFFER/
   U_RAM/I_S6.U_CS_BRAM_CASCADE_S6/I_DEPTH_LTEQ_16K.U_SBRAM_0/I_B18KGT0.G_RAMB18
   [2].u_ramb18/U_RAMB18>:<RAMB16BWER_RAMB16BWER>.  The block is configured to
   use input parity pin DIBP0. There is dangling output for parity pin DOPB0.
WARNING:PhysDesignRules:1176 - Issue with pin connections and/or configuration
   on
   block:<U_ila_pro_0/U0/I_NO_D.U_ILA/U_CAPSTOR/I_CASE1.I_YES_TB.U_TRACE_BUFFER/
   U_RAM/I_S6.U_CS_BRAM_CASCADE_S6/I_DEPTH_LTEQ_16K.U_SBRAM_0/I_B18KGT0.G_RAMB18
   [15].u_ramb18/U_RAMB18>:<RAMB16BWER_RAMB16BWER>.  The block is configured to
   use input parity pin DIBP0. There is dangling output for parity pin DOPB0.
WARNING:PhysDesignRules:1176 - Issue with pin connections and/or configuration
   on
   block:<U_ila_pro_0/U0/I_NO_D.U_ILA/U_CAPSTOR/I_CASE1.I_YES_TB.U_TRACE_BUFFER/
   U_RAM/I_S6.U_CS_BRAM_CASCADE_S6/I_DEPTH_LTEQ_16K.U_SBRAM_0/I_B18KGT0.G_RAMB18
   [10].u_ramb18/U_RAMB18>:<RAMB16BWER_RAMB16BWER>.  The block is configured to
   use input parity pin DIBP0. There is dangling output for parity pin DOPB0.
WARNING:PhysDesignRules:1176 - Issue with pin connections and/or configuration
   on
   block:<U_ila_pro_0/U0/I_NO_D.U_ILA/U_CAPSTOR/I_CASE1.I_YES_TB.U_TRACE_BUFFER/
   U_RAM/I_S6.U_CS_BRAM_CASCADE_S6/I_DEPTH_LTEQ_16K.U_SBRAM_0/I_B18KGT0.G_RAMB18
   [5].u_ramb18/U_RAMB18>:<RAMB16BWER_RAMB16BWER>.  The block is configured to
   use input parity pin DIBP0. There is dangling output for parity pin DOPB0.
WARNING:PhysDesignRules:1176 - Issue with pin connections and/or configuration
   on
   block:<U_ila_pro_0/U0/I_NO_D.U_ILA/U_CAPSTOR/I_CASE1.I_YES_TB.U_TRACE_BUFFER/
   U_RAM/I_S6.U_CS_BRAM_CASCADE_S6/I_DEPTH_LTEQ_16K.U_SBRAM_0/I_B18KGT0.G_RAMB18
   [0].u_ramb18/U_RAMB18>:<RAMB16BWER_RAMB16BWER>.  The block is configured to
   use input parity pin DIBP0. There is dangling output for parity pin DOPB0.
WARNING:PhysDesignRules:1176 - Issue with pin connections and/or configuration
   on
   block:<U_ila_pro_0/U0/I_NO_D.U_ILA/U_CAPSTOR/I_CASE1.I_YES_TB.U_TRACE_BUFFER/
   U_RAM/I_S6.U_CS_BRAM_CASCADE_S6/I_DEPTH_LTEQ_16K.U_SBRAM_0/I_B18KGT0.G_RAMB18
   [18].u_ramb18/U_RAMB18>:<RAMB16BWER_RAMB16BWER>.  The block is configured to
   use input parity pin DIBP0. There is dangling output for parity pin DOPB0.
WARNING:PhysDesignRules:1176 - Issue with pin connections and/or configuration
   on
   block:<U_ila_pro_0/U0/I_NO_D.U_ILA/U_CAPSTOR/I_CASE1.I_YES_TB.U_TRACE_BUFFER/
   U_RAM/I_S6.U_CS_BRAM_CASCADE_S6/I_DEPTH_LTEQ_16K.U_SBRAM_0/I_B18KGT0.G_RAMB18
   [13].u_ramb18/U_RAMB18>:<RAMB16BWER_RAMB16BWER>.  The block is configured to
   use input parity pin DIBP0. There is dangling output for parity pin DOPB0.
WARNING:PhysDesignRules:1176 - Issue with pin connections and/or configuration
   on
   block:<U_ila_pro_0/U0/I_NO_D.U_ILA/U_CAPSTOR/I_CASE1.I_YES_TB.U_TRACE_BUFFER/
   U_RAM/I_S6.U_CS_BRAM_CASCADE_S6/I_DEPTH_LTEQ_16K.U_SBRAM_0/I_B18KGT0.G_RAMB18
   [8].u_ramb18/U_RAMB18>:<RAMB16BWER_RAMB16BWER>.  The block is configured to
   use input parity pin DIBP0. There is dangling output for parity pin DOPB0.
WARNING:PhysDesignRules:1176 - Issue with pin connections and/or configuration
   on
   block:<U_ila_pro_0/U0/I_NO_D.U_ILA/U_CAPSTOR/I_CASE1.I_YES_TB.U_TRACE_BUFFER/
   U_RAM/I_S6.U_CS_BRAM_CASCADE_S6/I_DEPTH_LTEQ_16K.U_SBRAM_0/I_B18KGT0.G_RAMB18
   [3].u_ramb18/U_RAMB18>:<RAMB16BWER_RAMB16BWER>.  The block is configured to
   use input parity pin DIBP0. There is dangling output for parity pin DOPB0.
WARNING:PhysDesignRules:1176 - Issue with pin connections and/or configuration
   on
   block:<U_ila_pro_0/U0/I_NO_D.U_ILA/U_CAPSTOR/I_CASE1.I_YES_TB.U_TRACE_BUFFER/
   U_RAM/I_S6.U_CS_BRAM_CASCADE_S6/I_DEPTH_LTEQ_16K.U_SBRAM_0/I_B18KGT0.G_RAMB18
   [16].u_ramb18/U_RAMB18>:<RAMB16BWER_RAMB16BWER>.  The block is configured to
   use input parity pin DIBP0. There is dangling output for parity pin DOPB0.
WARNING:PhysDesignRules:1176 - Issue with pin connections and/or configuration
   on
   block:<U_ila_pro_0/U0/I_NO_D.U_ILA/U_CAPSTOR/I_CASE1.I_YES_TB.U_TRACE_BUFFER/
   U_RAM/I_S6.U_CS_BRAM_CASCADE_S6/I_DEPTH_LTEQ_16K.U_SBRAM_0/I_B18KGT0.G_RAMB18
   [11].u_ramb18/U_RAMB18>:<RAMB16BWER_RAMB16BWER>.  The block is configured to
   use input parity pin DIBP0. There is dangling output for parity pin DOPB0.
WARNING:PhysDesignRules:1176 - Issue with pin connections and/or configuration
   on
   block:<U_ila_pro_0/U0/I_NO_D.U_ILA/U_CAPSTOR/I_CASE1.I_YES_TB.U_TRACE_BUFFER/
   U_RAM/I_S6.U_CS_BRAM_CASCADE_S6/I_DEPTH_LTEQ_16K.U_SBRAM_0/I_B18KGT0.G_RAMB18
   [6].u_ramb18/U_RAMB18>:<RAMB16BWER_RAMB16BWER>.  The block is configured to
   use input parity pin DIBP0. There is dangling output for parity pin DOPB0.
WARNING:PhysDesignRules:1176 - Issue with pin connections and/or configuration
   on
   block:<U_ila_pro_0/U0/I_NO_D.U_ILA/U_CAPSTOR/I_CASE1.I_YES_TB.U_TRACE_BUFFER/
   U_RAM/I_S6.U_CS_BRAM_CASCADE_S6/I_DEPTH_LTEQ_16K.U_SBRAM_0/I_B18KGT0.G_RAMB18
   [1].u_ramb18/U_RAMB18>:<RAMB16BWER_RAMB16BWER>.  The block is configured to
   use input parity pin DIBP0. There is dangling output for parity pin DOPB0.
WARNING:PhysDesignRules:1176 - Issue with pin connections and/or configuration
   on
   block:<U_ila_pro_0/U0/I_NO_D.U_ILA/U_CAPSTOR/I_CASE1.I_YES_TB.U_TRACE_BUFFER/
   U_RAM/I_S6.U_CS_BRAM_CASCADE_S6/I_DEPTH_LTEQ_16K.U_SBRAM_0/I_B18KGT0.G_RAMB18
   [19].u_ramb18/U_RAMB18>:<RAMB16BWER_RAMB16BWER>.  The block is configured to
   use input parity pin DIBP0. There is dangling output for parity pin DOPB0.
WARNING:PhysDesignRules:1176 - Issue with pin connections and/or configuration
   on
   block:<U_ila_pro_0/U0/I_NO_D.U_ILA/U_CAPSTOR/I_CASE1.I_YES_TB.U_TRACE_BUFFER/
   U_RAM/I_S6.U_CS_BRAM_CASCADE_S6/I_DEPTH_LTEQ_16K.U_SBRAM_0/I_B18KGT0.G_RAMB18
   [14].u_ramb18/U_RAMB18>:<RAMB16BWER_RAMB16BWER>.  The block is configured to
   use input parity pin DIBP0. There is dangling output for parity pin DOPB0.
WARNING:PhysDesignRules:1176 - Issue with pin connections and/or configuration
   on
   block:<U_ila_pro_0/U0/I_NO_D.U_ILA/U_CAPSTOR/I_CASE1.I_YES_TB.U_TRACE_BUFFER/
   U_RAM/I_S6.U_CS_BRAM_CASCADE_S6/I_DEPTH_LTEQ_16K.U_SBRAM_0/I_B18KGT0.G_RAMB18
   [9].u_ramb18/U_RAMB18>:<RAMB16BWER_RAMB16BWER>.  The block is configured to
   use input parity pin DIBP0. There is dangling output for parity pin DOPB0.
WARNING:PhysDesignRules:1176 - Issue with pin connections and/or configuration
   on
   block:<U_ila_pro_0/U0/I_NO_D.U_ILA/U_CAPSTOR/I_CASE1.I_YES_TB.U_TRACE_BUFFER/
   U_RAM/I_S6.U_CS_BRAM_CASCADE_S6/I_DEPTH_LTEQ_16K.U_SBRAM_0/I_B18KGT0.G_RAMB18
   [4].u_ramb18/U_RAMB18>:<RAMB16BWER_RAMB16BWER>.  The block is configured to
   use input parity pin DIBP0. There is dangling output for parity pin DOPB0.
WARNING:PhysDesignRules:781 - PULLDOWN on an active net. PULLDOWN of comp
   Led<0>_PULLDOWN is set but the tri state is not configured. 
WARNING:PhysDesignRules:781 - PULLDOWN on an active net. PULLDOWN of comp
   Led<1>_PULLDOWN is set but the tri state is not configured. 
WARNING:PhysDesignRules:781 - PULLDOWN on an active net. PULLDOWN of comp
   Led<2>_PULLDOWN is set but the tri state is not configured. 
WARNING:PhysDesignRules:781 - PULLDOWN on an active net. PULLDOWN of comp
   Led<3>_PULLDOWN is set but the tri state is not configured. 
WARNING:PhysDesignRules:781 - PULLDOWN on an active net. PULLDOWN of comp
   Led<4>_PULLDOWN is set but the tri state is not configured. 
WARNING:PhysDesignRules:781 - PULLDOWN on an active net. PULLDOWN of comp
   Led<5>_PULLDOWN is set but the tri state is not configured. 
WARNING:PhysDesignRules:781 - PULLDOWN on an active net. PULLDOWN of comp
   Led<6>_PULLDOWN is set but the tri state is not configured. 
WARNING:PhysDesignRules:781 - PULLDOWN on an active net. PULLDOWN of comp
   Led<7>_PULLDOWN is set but the tri state is not configured. 
WARNING:PhysDesignRules:2410 - This design is using one or more 9K Block RAMs
   (RAMB8BWER).  9K Block RAM initialization data, both user defined and
   default, may be incorrect and should not be used.  For more information,
   please reference Xilinx Answer Record 39999.

Section 3 - Informational
-------------------------
INFO:Security:54 - 'xc6slx16' is a WebPack part.
INFO:LIT:243 - Logical network icon_control0<35> has no load.
INFO:LIT:395 - The above info message is repeated 30 more times for the
   following (max. 5 shown):
   icon_control0<34>,
   icon_control0<33>,
   icon_control0<32>,
   icon_control0<31>,
   icon_control0<30>
   To see the details of these info messages, please use the -detail switch.
INFO:MapLib:562 - No environment variables are currently set.
INFO:LIT:244 - All of the single ended outputs in this design are using slew
   rate limited output drivers. The delay on speed critical single ended outputs
   can be dramatically reduced by designating them as fast outputs.
INFO:Pack:1716 - Initializing temperature to 85.000 Celsius. (default - Range:
   0.000 to 85.000 Celsius)
INFO:Pack:1720 - Initializing voltage to 1.140 Volts. (default - Range: 1.140 to
   1.260 Volts)
INFO:Map:215 - The Interim Design Summary has been generated in the MAP Report
   (.mrp).
INFO:Place:834 - Only a subset of IOs are locked. Out of 50 IOs, 18 are locked
   and 32 are not locked. If you would like to print the names of these IOs,
   please set the environment variable XIL_PAR_DESIGN_CHECK_VERBOSE to 1. 
INFO:Pack:1650 - Map created a placed design.

Section 4 - Removed Logic Summary
---------------------------------
  39 block(s) removed
 251 block(s) optimized away
  29 signal(s) removed

Section 5 - Removed Logic
-------------------------

The trimmed logic report below shows the logic removed from your design due to
sourceless or loadless signals, and VCC or ground connections.  If the removal
of a signal or symbol results in the subsequent removal of an additional signal
or symbol, the message explaining that second removal will be indented.  This
indentation will be repeated as a chain of related logic is removed.

To quickly locate the original cause for the removal of a chain of logic, look
above the place where that logic is listed in the trimming report, then locate
the lines that are least indented (begin at the leftmost edge).

The signal "icon_control0<35>" is loadless and has been removed.
 Loadless block "U_icon_pro/U0/U_ICON/U_CTRL_OUT/F_NCP[0].F_CMD[15].U_HCE" (ROM)
removed.
The signal "icon_control0<34>" is loadless and has been removed.
 Loadless block "U_icon_pro/U0/U_ICON/U_CTRL_OUT/F_NCP[0].F_CMD[14].U_HCE" (ROM)
removed.
  The signal "U_icon_pro/U0/U_ICON/iCOMMAND_SEL<14>" is loadless and has been
removed.
   Loadless block "U_icon_pro/U0/U_ICON/U_CMD/U_COMMAND_SEL/I4.FI[14].U_LUT" (ROM)
removed.
The signal "icon_control0<33>" is loadless and has been removed.
 Loadless block "U_icon_pro/U0/U_ICON/U_CTRL_OUT/F_NCP[0].F_CMD[13].U_HCE" (ROM)
removed.
  The signal "U_icon_pro/U0/U_ICON/iCOMMAND_SEL<13>" is loadless and has been
removed.
   Loadless block "U_icon_pro/U0/U_ICON/U_CMD/U_COMMAND_SEL/I4.FI[13].U_LUT" (ROM)
removed.
The signal "icon_control0<32>" is loadless and has been removed.
 Loadless block "U_icon_pro/U0/U_ICON/U_CTRL_OUT/F_NCP[0].F_CMD[12].U_HCE" (ROM)
removed.
  The signal "U_icon_pro/U0/U_ICON/iCOMMAND_SEL<12>" is loadless and has been
removed.
   Loadless block "U_icon_pro/U0/U_ICON/U_CMD/U_COMMAND_SEL/I4.FI[12].U_LUT" (ROM)
removed.
The signal "icon_control0<31>" is loadless and has been removed.
 Loadless block "U_icon_pro/U0/U_ICON/U_CTRL_OUT/F_NCP[0].F_CMD[11].U_HCE" (ROM)
removed.
  The signal "U_icon_pro/U0/U_ICON/iCOMMAND_SEL<11>" is loadless and has been
removed.
   Loadless block "U_icon_pro/U0/U_ICON/U_CMD/U_COMMAND_SEL/I4.FI[11].U_LUT" (ROM)
removed.
The signal "icon_control0<30>" is loadless and has been removed.
 Loadless block "U_icon_pro/U0/U_ICON/U_CTRL_OUT/F_NCP[0].F_CMD[10].U_HCE" (ROM)
removed.
The signal "icon_control0<29>" is loadless and has been removed.
 Loadless block "U_icon_pro/U0/U_ICON/U_CTRL_OUT/F_NCP[0].F_CMD[9].U_HCE" (ROM)
removed.
The signal "icon_control0<28>" is loadless and has been removed.
 Loadless block "U_icon_pro/U0/U_ICON/U_CTRL_OUT/F_NCP[0].F_CMD[8].U_HCE" (ROM)
removed.
The signal "icon_control0<27>" is loadless and has been removed.
 Loadless block "U_icon_pro/U0/U_ICON/U_CTRL_OUT/F_NCP[0].F_CMD[7].U_HCE" (ROM)
removed.
  The signal "U_icon_pro/U0/U_ICON/iCOMMAND_SEL<7>" is loadless and has been
removed.
   Loadless block "U_icon_pro/U0/U_ICON/U_CMD/U_COMMAND_SEL/I4.FI[7].U_LUT" (ROM)
removed.
The signal "icon_control0<26>" is loadless and has been removed.
 Loadless block "U_icon_pro/U0/U_ICON/U_CTRL_OUT/F_NCP[0].F_CMD[6].U_HCE" (ROM)
removed.
  The signal "U_icon_pro/U0/U_ICON/iCOMMAND_SEL<6>" is loadless and has been
removed.
   Loadless block "U_icon_pro/U0/U_ICON/U_CMD/U_COMMAND_SEL/I4.FI[6].U_LUT" (ROM)
removed.
The signal "icon_control0<18>" is loadless and has been removed.
 Loadless block "U_icon_pro/U0/U_ICON/U_CTRL_OUT/F_NCP[0].F_CMD[14].U_LCE" (ROM)
removed.
The signal "icon_control0<17>" is loadless and has been removed.
 Loadless block "U_icon_pro/U0/U_ICON/U_CTRL_OUT/F_NCP[0].F_CMD[13].U_LCE" (ROM)
removed.
The signal "icon_control0<16>" is loadless and has been removed.
 Loadless block "U_icon_pro/U0/U_ICON/U_CTRL_OUT/F_NCP[0].F_CMD[12].U_LCE" (ROM)
removed.
The signal "icon_control0<15>" is loadless and has been removed.
 Loadless block "U_icon_pro/U0/U_ICON/U_CTRL_OUT/F_NCP[0].F_CMD[11].U_LCE" (ROM)
removed.
The signal "icon_control0<11>" is loadless and has been removed.
 Loadless block "U_icon_pro/U0/U_ICON/U_CTRL_OUT/F_NCP[0].F_CMD[7].U_LCE" (ROM)
removed.
The signal "icon_control0<10>" is loadless and has been removed.
 Loadless block "U_icon_pro/U0/U_ICON/U_CTRL_OUT/F_NCP[0].F_CMD[6].U_LCE" (ROM)
removed.
The signal "icon_control0<7>" is loadless and has been removed.
 Loadless block "U_icon_pro/U0/U_ICON/U_CTRL_OUT/F_NCP[0].F_CMD[3].U_LCE" (ROM)
removed.
The signal
"U_ila_pro_0/U0/I_NO_D.U_ILA/U_TRIG/U_TM/G_NMU[0].U_M/U_MU/I_MUT_GANDX.U_match/I
_CS_GANDX.U_CS_GANDX_SRL/I_S6.U_CS_GANDX_SRL_S6/U_CS_GAND_SRL_S6/I_USE_RPM_NE0.U
_GAND_SRL_SET/SRL_Q_O" is loadless and has been removed.
The signal
"U_ila_pro_0/U0/I_NO_D.U_ILA/U_TRIG/U_TM/G_NMU[1].U_M/U_MU/I_MUT_GANDX.U_match/I
_CS_GANDX.U_CS_GANDX_SRL/I_S6.U_CS_GANDX_SRL_S6/U_CS_GAND_SRL_S6/I_USE_RPM_NE0.U
_GAND_SRL_SET/SRL_Q_O" is loadless and has been removed.
The signal
"U_ila_pro_0/U0/I_NO_D.U_ILA/U_TRIG/U_TM/G_NMU[2].U_M/U_MU/I_MUT_GANDX.U_match/I
_CS_GANDX.U_CS_GANDX_SRL/I_S6.U_CS_GANDX_SRL_S6/U_CS_GAND_SRL_S6/I_USE_RPM_NE0.U
_GAND_SRL_SET/SRL_Q_O" is loadless and has been removed.
The signal
"U_ila_pro_0/U0/I_NO_D.U_ILA/U_TRIG/U_TM/G_NMU[3].U_M/U_MU/I_MUT_GANDX.U_match/I
_CS_GANDX.U_CS_GANDX_SRL/I_S6.U_CS_GANDX_SRL_S6/U_CS_GAND_SRL_S6/I_USE_RPM_NE0.U
_GAND_SRL_SET/SRL_Q_O" is loadless and has been removed.
The signal
"U_ila_pro_0/U0/I_NO_D.U_ILA/U_TRIG/U_TM/G_NMU[4].U_M/U_MU/I_MUT_GANDX.U_match/I
_CS_GANDX.U_CS_GANDX_SRL/I_S6.U_CS_GANDX_SRL_S6/U_CS_GAND_SRL_S6/I_USE_RPM_NE0.U
_GAND_SRL_SET/SRL_Q_O" is loadless and has been removed.
The signal
"U_ila_pro_0/U0/I_NO_D.U_ILA/U_TRIG/U_TM/G_NMU[5].U_M/U_MU/I_MUT_GANDX.U_match/I
_CS_GANDX.U_CS_GANDX_SRL/I_S6.U_CS_GANDX_SRL_S6/U_CS_GAND_SRL_S6/I_USE_RPM_NE0.U
_GAND_SRL_SET/SRL_Q_O" is loadless and has been removed.
Loadless block "U_icon_pro/U0/U_ICON/U_CMD/U_CORE_ID_SEL/I4.FI[10].U_LUT" (ROM)
removed.
Loadless block "U_icon_pro/U0/U_ICON/U_CMD/U_CORE_ID_SEL/I4.FI[11].U_LUT" (ROM)
removed.
Loadless block "U_icon_pro/U0/U_ICON/U_CMD/U_CORE_ID_SEL/I4.FI[12].U_LUT" (ROM)
removed.
Loadless block "U_icon_pro/U0/U_ICON/U_CMD/U_CORE_ID_SEL/I4.FI[13].U_LUT" (ROM)
removed.
Loadless block "U_icon_pro/U0/U_ICON/U_CMD/U_CORE_ID_SEL/I4.FI[14].U_LUT" (ROM)
removed.
Loadless block "U_icon_pro/U0/U_ICON/U_CMD/U_CORE_ID_SEL/I4.FI[1].U_LUT" (ROM)
removed.
Loadless block "U_icon_pro/U0/U_ICON/U_CMD/U_CORE_ID_SEL/I4.FI[2].U_LUT" (ROM)
removed.
Loadless block "U_icon_pro/U0/U_ICON/U_CMD/U_CORE_ID_SEL/I4.FI[3].U_LUT" (ROM)
removed.
Loadless block "U_icon_pro/U0/U_ICON/U_CMD/U_CORE_ID_SEL/I4.FI[4].U_LUT" (ROM)
removed.
Loadless block "U_icon_pro/U0/U_ICON/U_CMD/U_CORE_ID_SEL/I4.FI[5].U_LUT" (ROM)
removed.
Loadless block "U_icon_pro/U0/U_ICON/U_CMD/U_CORE_ID_SEL/I4.FI[6].U_LUT" (ROM)
removed.
Loadless block "U_icon_pro/U0/U_ICON/U_CMD/U_CORE_ID_SEL/I4.FI[7].U_LUT" (ROM)
removed.
Loadless block "U_icon_pro/U0/U_ICON/U_CMD/U_CORE_ID_SEL/I4.FI[8].U_LUT" (ROM)
removed.
Loadless block "U_icon_pro/U0/U_ICON/U_CMD/U_CORE_ID_SEL/I4.FI[9].U_LUT" (ROM)
removed.
Loadless block "U_ila_pro_0/U0/I_NO_D.U_ILA/U_STAT/U_DSR" (ROM) removed.
Loadless block "U_ila_pro_0/U0/I_NO_D.U_ILA/U_TRIG/U_TC/I_STORAGE_QUAL.U_CAP_B"
(ROM) removed.

Optimized Block(s):
TYPE 		BLOCK
GND 		Dmem/XST_GND
VCC 		Dmem/XST_VCC
GND 		U_icon_pro/XST_GND
VCC 		U_icon_pro/XST_VCC
GND
		U_ila_pro_0/U0/I_NO_D.U_ILA/U_G2_SQ.U_CAPCTRL/U_CAP_ADDRGEN/U_SCNT_CMP/I_CS_GA
ND.U_CS_GAND_SRL/I_S6.U_CS_GAND_SRL_S6/I_USE_RPM_NE0.U_GAND_SRL_SET/I_PARTIAL_SL
ICE.U_GAND_SRL_SLICE/XST_GND
VCC
		U_ila_pro_0/U0/I_NO_D.U_ILA/U_G2_SQ.U_CAPCTRL/U_CAP_ADDRGEN/U_SCNT_CMP/I_CS_GA
ND.U_CS_GAND_SRL/I_S6.U_CS_GAND_SRL_S6/I_USE_RPM_NE0.U_GAND_SRL_SET/I_PARTIAL_SL
ICE.U_GAND_SRL_SLICE/XST_VCC
VCC
		U_ila_pro_0/U0/I_NO_D.U_ILA/U_G2_SQ.U_CAPCTRL/U_CAP_ADDRGEN/U_SCNT_CMP/I_CS_GA
ND.U_CS_GAND_SRL/I_S6.U_CS_GAND_SRL_S6/I_USE_RPM_NE0.U_GAND_SRL_SET/XST_VCC
GND
		U_ila_pro_0/U0/I_NO_D.U_ILA/U_G2_SQ.U_CAPCTRL/U_CAP_ADDRGEN/U_WCNT_HCMP/I_CS_G
AND.U_CS_GAND_SRL/I_S6.U_CS_GAND_SRL_S6/I_USE_RPM_NE0.U_GAND_SRL_SET/I_PARTIAL_S
LICE.U_GAND_SRL_SLICE/XST_GND
VCC
		U_ila_pro_0/U0/I_NO_D.U_ILA/U_G2_SQ.U_CAPCTRL/U_CAP_ADDRGEN/U_WCNT_HCMP/I_CS_G
AND.U_CS_GAND_SRL/I_S6.U_CS_GAND_SRL_S6/I_USE_RPM_NE0.U_GAND_SRL_SET/I_PARTIAL_S
LICE.U_GAND_SRL_SLICE/XST_VCC
VCC
		U_ila_pro_0/U0/I_NO_D.U_ILA/U_G2_SQ.U_CAPCTRL/U_CAP_ADDRGEN/U_WCNT_HCMP/I_CS_G
AND.U_CS_GAND_SRL/I_S6.U_CS_GAND_SRL_S6/I_USE_RPM_NE0.U_GAND_SRL_SET/XST_VCC
GND
		U_ila_pro_0/U0/I_NO_D.U_ILA/U_G2_SQ.U_CAPCTRL/U_CAP_ADDRGEN/U_WCNT_LCMP/I_CS_G
AND.U_CS_GAND_SRL/I_S6.U_CS_GAND_SRL_S6/I_USE_RPM_NE0.U_GAND_SRL_SET/I_PARTIAL_S
LICE.U_GAND_SRL_SLICE/XST_GND
VCC
		U_ila_pro_0/U0/I_NO_D.U_ILA/U_G2_SQ.U_CAPCTRL/U_CAP_ADDRGEN/U_WCNT_LCMP/I_CS_G
AND.U_CS_GAND_SRL/I_S6.U_CS_GAND_SRL_S6/I_USE_RPM_NE0.U_GAND_SRL_SET/I_PARTIAL_S
LICE.U_GAND_SRL_SLICE/XST_VCC
VCC
		U_ila_pro_0/U0/I_NO_D.U_ILA/U_G2_SQ.U_CAPCTRL/U_CAP_ADDRGEN/U_WCNT_LCMP/I_CS_G
AND.U_CS_GAND_SRL/I_S6.U_CS_GAND_SRL_S6/I_USE_RPM_NE0.U_GAND_SRL_SET/XST_VCC
GND
		U_ila_pro_0/U0/I_NO_D.U_ILA/U_TRIG/U_TM/G_NMU[0].U_M/U_MU/I_MUT_GANDX.U_match/
I_CS_GANDX.U_CS_GANDX_SRL/I_S6.U_CS_GANDX_SRL_S6/U_CS_GAND_SRL_S6/I_USE_RPM_NE0.
U_GAND_SRL_SET/I_WHOLE_SLICE.G_SLICE_IDX[0].U_GAND_SRL_SLICE/XST_GND
VCC
		U_ila_pro_0/U0/I_NO_D.U_ILA/U_TRIG/U_TM/G_NMU[0].U_M/U_MU/I_MUT_GANDX.U_match/
I_CS_GANDX.U_CS_GANDX_SRL/I_S6.U_CS_GANDX_SRL_S6/U_CS_GAND_SRL_S6/I_USE_RPM_NE0.
U_GAND_SRL_SET/I_WHOLE_SLICE.G_SLICE_IDX[0].U_GAND_SRL_SLICE/XST_VCC
GND
		U_ila_pro_0/U0/I_NO_D.U_ILA/U_TRIG/U_TM/G_NMU[0].U_M/U_MU/I_MUT_GANDX.U_match/
I_CS_GANDX.U_CS_GANDX_SRL/I_S6.U_CS_GANDX_SRL_S6/U_CS_GAND_SRL_S6/I_USE_RPM_NE0.
U_GAND_SRL_SET/I_WHOLE_SLICE.G_SLICE_IDX[1].U_GAND_SRL_SLICE/XST_GND
GND
		U_ila_pro_0/U0/I_NO_D.U_ILA/U_TRIG/U_TM/G_NMU[0].U_M/U_MU/I_MUT_GANDX.U_match/
I_CS_GANDX.U_CS_GANDX_SRL/I_S6.U_CS_GANDX_SRL_S6/U_CS_GAND_SRL_S6/I_USE_RPM_NE0.
U_GAND_SRL_SET/I_WHOLE_SLICE.G_SLICE_IDX[2].U_GAND_SRL_SLICE/XST_GND
GND
		U_ila_pro_0/U0/I_NO_D.U_ILA/U_TRIG/U_TM/G_NMU[0].U_M/U_MU/I_MUT_GANDX.U_match/
I_CS_GANDX.U_CS_GANDX_SRL/I_S6.U_CS_GANDX_SRL_S6/U_CS_GAND_SRL_S6/I_USE_RPM_NE0.
U_GAND_SRL_SET/I_WHOLE_SLICE.G_SLICE_IDX[3].U_GAND_SRL_SLICE/XST_GND
VCC
		U_ila_pro_0/U0/I_NO_D.U_ILA/U_TRIG/U_TM/G_NMU[0].U_M/U_MU/I_MUT_GANDX.U_match/
I_CS_GANDX.U_CS_GANDX_SRL/I_S6.U_CS_GANDX_SRL_S6/U_CS_GAND_SRL_S6/I_USE_RPM_NE0.
U_GAND_SRL_SET/I_WHOLE_SLICE.G_SLICE_IDX[3].U_GAND_SRL_SLICE/XST_VCC
GND
		U_ila_pro_0/U0/I_NO_D.U_ILA/U_TRIG/U_TM/G_NMU[1].U_M/U_MU/I_MUT_GANDX.U_match/
I_CS_GANDX.U_CS_GANDX_SRL/I_S6.U_CS_GANDX_SRL_S6/U_CS_GAND_SRL_S6/I_USE_RPM_NE0.
U_GAND_SRL_SET/I_WHOLE_SLICE.G_SLICE_IDX[0].U_GAND_SRL_SLICE/XST_GND
VCC
		U_ila_pro_0/U0/I_NO_D.U_ILA/U_TRIG/U_TM/G_NMU[1].U_M/U_MU/I_MUT_GANDX.U_match/
I_CS_GANDX.U_CS_GANDX_SRL/I_S6.U_CS_GANDX_SRL_S6/U_CS_GAND_SRL_S6/I_USE_RPM_NE0.
U_GAND_SRL_SET/I_WHOLE_SLICE.G_SLICE_IDX[0].U_GAND_SRL_SLICE/XST_VCC
GND
		U_ila_pro_0/U0/I_NO_D.U_ILA/U_TRIG/U_TM/G_NMU[1].U_M/U_MU/I_MUT_GANDX.U_match/
I_CS_GANDX.U_CS_GANDX_SRL/I_S6.U_CS_GANDX_SRL_S6/U_CS_GAND_SRL_S6/I_USE_RPM_NE0.
U_GAND_SRL_SET/I_WHOLE_SLICE.G_SLICE_IDX[1].U_GAND_SRL_SLICE/XST_GND
GND
		U_ila_pro_0/U0/I_NO_D.U_ILA/U_TRIG/U_TM/G_NMU[1].U_M/U_MU/I_MUT_GANDX.U_match/
I_CS_GANDX.U_CS_GANDX_SRL/I_S6.U_CS_GANDX_SRL_S6/U_CS_GAND_SRL_S6/I_USE_RPM_NE0.
U_GAND_SRL_SET/I_WHOLE_SLICE.G_SLICE_IDX[2].U_GAND_SRL_SLICE/XST_GND
GND
		U_ila_pro_0/U0/I_NO_D.U_ILA/U_TRIG/U_TM/G_NMU[1].U_M/U_MU/I_MUT_GANDX.U_match/
I_CS_GANDX.U_CS_GANDX_SRL/I_S6.U_CS_GANDX_SRL_S6/U_CS_GAND_SRL_S6/I_USE_RPM_NE0.
U_GAND_SRL_SET/I_WHOLE_SLICE.G_SLICE_IDX[3].U_GAND_SRL_SLICE/XST_GND
VCC
		U_ila_pro_0/U0/I_NO_D.U_ILA/U_TRIG/U_TM/G_NMU[1].U_M/U_MU/I_MUT_GANDX.U_match/
I_CS_GANDX.U_CS_GANDX_SRL/I_S6.U_CS_GANDX_SRL_S6/U_CS_GAND_SRL_S6/I_USE_RPM_NE0.
U_GAND_SRL_SET/I_WHOLE_SLICE.G_SLICE_IDX[3].U_GAND_SRL_SLICE/XST_VCC
GND
		U_ila_pro_0/U0/I_NO_D.U_ILA/U_TRIG/U_TM/G_NMU[2].U_M/U_MU/I_MUT_GANDX.U_match/
I_CS_GANDX.U_CS_GANDX_SRL/I_S6.U_CS_GANDX_SRL_S6/U_CS_GAND_SRL_S6/I_USE_RPM_NE0.
U_GAND_SRL_SET/I_WHOLE_SLICE.G_SLICE_IDX[0].U_GAND_SRL_SLICE/XST_GND
VCC
		U_ila_pro_0/U0/I_NO_D.U_ILA/U_TRIG/U_TM/G_NMU[2].U_M/U_MU/I_MUT_GANDX.U_match/
I_CS_GANDX.U_CS_GANDX_SRL/I_S6.U_CS_GANDX_SRL_S6/U_CS_GAND_SRL_S6/I_USE_RPM_NE0.
U_GAND_SRL_SET/I_WHOLE_SLICE.G_SLICE_IDX[0].U_GAND_SRL_SLICE/XST_VCC
GND
		U_ila_pro_0/U0/I_NO_D.U_ILA/U_TRIG/U_TM/G_NMU[2].U_M/U_MU/I_MUT_GANDX.U_match/
I_CS_GANDX.U_CS_GANDX_SRL/I_S6.U_CS_GANDX_SRL_S6/U_CS_GAND_SRL_S6/I_USE_RPM_NE0.
U_GAND_SRL_SET/I_WHOLE_SLICE.G_SLICE_IDX[1].U_GAND_SRL_SLICE/XST_GND
GND
		U_ila_pro_0/U0/I_NO_D.U_ILA/U_TRIG/U_TM/G_NMU[2].U_M/U_MU/I_MUT_GANDX.U_match/
I_CS_GANDX.U_CS_GANDX_SRL/I_S6.U_CS_GANDX_SRL_S6/U_CS_GAND_SRL_S6/I_USE_RPM_NE0.
U_GAND_SRL_SET/I_WHOLE_SLICE.G_SLICE_IDX[2].U_GAND_SRL_SLICE/XST_GND
GND
		U_ila_pro_0/U0/I_NO_D.U_ILA/U_TRIG/U_TM/G_NMU[2].U_M/U_MU/I_MUT_GANDX.U_match/
I_CS_GANDX.U_CS_GANDX_SRL/I_S6.U_CS_GANDX_SRL_S6/U_CS_GAND_SRL_S6/I_USE_RPM_NE0.
U_GAND_SRL_SET/I_WHOLE_SLICE.G_SLICE_IDX[3].U_GAND_SRL_SLICE/XST_GND
VCC
		U_ila_pro_0/U0/I_NO_D.U_ILA/U_TRIG/U_TM/G_NMU[2].U_M/U_MU/I_MUT_GANDX.U_match/
I_CS_GANDX.U_CS_GANDX_SRL/I_S6.U_CS_GANDX_SRL_S6/U_CS_GAND_SRL_S6/I_USE_RPM_NE0.
U_GAND_SRL_SET/I_WHOLE_SLICE.G_SLICE_IDX[3].U_GAND_SRL_SLICE/XST_VCC
GND
		U_ila_pro_0/U0/I_NO_D.U_ILA/U_TRIG/U_TM/G_NMU[3].U_M/U_MU/I_MUT_GANDX.U_match/
I_CS_GANDX.U_CS_GANDX_SRL/I_S6.U_CS_GANDX_SRL_S6/U_CS_GAND_SRL_S6/I_USE_RPM_NE0.
U_GAND_SRL_SET/I_WHOLE_SLICE.G_SLICE_IDX[0].U_GAND_SRL_SLICE/XST_GND
VCC
		U_ila_pro_0/U0/I_NO_D.U_ILA/U_TRIG/U_TM/G_NMU[3].U_M/U_MU/I_MUT_GANDX.U_match/
I_CS_GANDX.U_CS_GANDX_SRL/I_S6.U_CS_GANDX_SRL_S6/U_CS_GAND_SRL_S6/I_USE_RPM_NE0.
U_GAND_SRL_SET/I_WHOLE_SLICE.G_SLICE_IDX[0].U_GAND_SRL_SLICE/XST_VCC
GND
		U_ila_pro_0/U0/I_NO_D.U_ILA/U_TRIG/U_TM/G_NMU[3].U_M/U_MU/I_MUT_GANDX.U_match/
I_CS_GANDX.U_CS_GANDX_SRL/I_S6.U_CS_GANDX_SRL_S6/U_CS_GAND_SRL_S6/I_USE_RPM_NE0.
U_GAND_SRL_SET/I_WHOLE_SLICE.G_SLICE_IDX[1].U_GAND_SRL_SLICE/XST_GND
GND
		U_ila_pro_0/U0/I_NO_D.U_ILA/U_TRIG/U_TM/G_NMU[3].U_M/U_MU/I_MUT_GANDX.U_match/
I_CS_GANDX.U_CS_GANDX_SRL/I_S6.U_CS_GANDX_SRL_S6/U_CS_GAND_SRL_S6/I_USE_RPM_NE0.
U_GAND_SRL_SET/I_WHOLE_SLICE.G_SLICE_IDX[2].U_GAND_SRL_SLICE/XST_GND
GND
		U_ila_pro_0/U0/I_NO_D.U_ILA/U_TRIG/U_TM/G_NMU[3].U_M/U_MU/I_MUT_GANDX.U_match/
I_CS_GANDX.U_CS_GANDX_SRL/I_S6.U_CS_GANDX_SRL_S6/U_CS_GAND_SRL_S6/I_USE_RPM_NE0.
U_GAND_SRL_SET/I_WHOLE_SLICE.G_SLICE_IDX[3].U_GAND_SRL_SLICE/XST_GND
VCC
		U_ila_pro_0/U0/I_NO_D.U_ILA/U_TRIG/U_TM/G_NMU[3].U_M/U_MU/I_MUT_GANDX.U_match/
I_CS_GANDX.U_CS_GANDX_SRL/I_S6.U_CS_GANDX_SRL_S6/U_CS_GAND_SRL_S6/I_USE_RPM_NE0.
U_GAND_SRL_SET/I_WHOLE_SLICE.G_SLICE_IDX[3].U_GAND_SRL_SLICE/XST_VCC
GND
		U_ila_pro_0/U0/I_NO_D.U_ILA/U_TRIG/U_TM/G_NMU[4].U_M/U_MU/I_MUT_GANDX.U_match/
I_CS_GANDX.U_CS_GANDX_SRL/I_S6.U_CS_GANDX_SRL_S6/U_CS_GAND_SRL_S6/I_USE_RPM_NE0.
U_GAND_SRL_SET/I_WHOLE_SLICE.G_SLICE_IDX[0].U_GAND_SRL_SLICE/XST_GND
VCC
		U_ila_pro_0/U0/I_NO_D.U_ILA/U_TRIG/U_TM/G_NMU[4].U_M/U_MU/I_MUT_GANDX.U_match/
I_CS_GANDX.U_CS_GANDX_SRL/I_S6.U_CS_GANDX_SRL_S6/U_CS_GAND_SRL_S6/I_USE_RPM_NE0.
U_GAND_SRL_SET/I_WHOLE_SLICE.G_SLICE_IDX[0].U_GAND_SRL_SLICE/XST_VCC
GND
		U_ila_pro_0/U0/I_NO_D.U_ILA/U_TRIG/U_TM/G_NMU[4].U_M/U_MU/I_MUT_GANDX.U_match/
I_CS_GANDX.U_CS_GANDX_SRL/I_S6.U_CS_GANDX_SRL_S6/U_CS_GAND_SRL_S6/I_USE_RPM_NE0.
U_GAND_SRL_SET/I_WHOLE_SLICE.G_SLICE_IDX[1].U_GAND_SRL_SLICE/XST_GND
GND
		U_ila_pro_0/U0/I_NO_D.U_ILA/U_TRIG/U_TM/G_NMU[4].U_M/U_MU/I_MUT_GANDX.U_match/
I_CS_GANDX.U_CS_GANDX_SRL/I_S6.U_CS_GANDX_SRL_S6/U_CS_GAND_SRL_S6/I_USE_RPM_NE0.
U_GAND_SRL_SET/I_WHOLE_SLICE.G_SLICE_IDX[2].U_GAND_SRL_SLICE/XST_GND
GND
		U_ila_pro_0/U0/I_NO_D.U_ILA/U_TRIG/U_TM/G_NMU[4].U_M/U_MU/I_MUT_GANDX.U_match/
I_CS_GANDX.U_CS_GANDX_SRL/I_S6.U_CS_GANDX_SRL_S6/U_CS_GAND_SRL_S6/I_USE_RPM_NE0.
U_GAND_SRL_SET/I_WHOLE_SLICE.G_SLICE_IDX[3].U_GAND_SRL_SLICE/XST_GND
VCC
		U_ila_pro_0/U0/I_NO_D.U_ILA/U_TRIG/U_TM/G_NMU[4].U_M/U_MU/I_MUT_GANDX.U_match/
I_CS_GANDX.U_CS_GANDX_SRL/I_S6.U_CS_GANDX_SRL_S6/U_CS_GAND_SRL_S6/I_USE_RPM_NE0.
U_GAND_SRL_SET/I_WHOLE_SLICE.G_SLICE_IDX[3].U_GAND_SRL_SLICE/XST_VCC
GND
		U_ila_pro_0/U0/I_NO_D.U_ILA/U_TRIG/U_TM/G_NMU[5].U_M/U_MU/I_MUT_GANDX.U_match/
I_CS_GANDX.U_CS_GANDX_SRL/I_S6.U_CS_GANDX_SRL_S6/U_CS_GAND_SRL_S6/I_USE_RPM_NE0.
U_GAND_SRL_SET/I_WHOLE_SLICE.G_SLICE_IDX[0].U_GAND_SRL_SLICE/XST_GND
VCC
		U_ila_pro_0/U0/I_NO_D.U_ILA/U_TRIG/U_TM/G_NMU[5].U_M/U_MU/I_MUT_GANDX.U_match/
I_CS_GANDX.U_CS_GANDX_SRL/I_S6.U_CS_GANDX_SRL_S6/U_CS_GAND_SRL_S6/I_USE_RPM_NE0.
U_GAND_SRL_SET/I_WHOLE_SLICE.G_SLICE_IDX[0].U_GAND_SRL_SLICE/XST_VCC
GND
		U_ila_pro_0/U0/I_NO_D.U_ILA/U_TRIG/U_TM/G_NMU[5].U_M/U_MU/I_MUT_GANDX.U_match/
I_CS_GANDX.U_CS_GANDX_SRL/I_S6.U_CS_GANDX_SRL_S6/U_CS_GAND_SRL_S6/I_USE_RPM_NE0.
U_GAND_SRL_SET/I_WHOLE_SLICE.G_SLICE_IDX[1].U_GAND_SRL_SLICE/XST_GND
GND
		U_ila_pro_0/U0/I_NO_D.U_ILA/U_TRIG/U_TM/G_NMU[5].U_M/U_MU/I_MUT_GANDX.U_match/
I_CS_GANDX.U_CS_GANDX_SRL/I_S6.U_CS_GANDX_SRL_S6/U_CS_GAND_SRL_S6/I_USE_RPM_NE0.
U_GAND_SRL_SET/I_WHOLE_SLICE.G_SLICE_IDX[2].U_GAND_SRL_SLICE/XST_GND
GND
		U_ila_pro_0/U0/I_NO_D.U_ILA/U_TRIG/U_TM/G_NMU[5].U_M/U_MU/I_MUT_GANDX.U_match/
I_CS_GANDX.U_CS_GANDX_SRL/I_S6.U_CS_GANDX_SRL_S6/U_CS_GAND_SRL_S6/I_USE_RPM_NE0.
U_GAND_SRL_SET/I_WHOLE_SLICE.G_SLICE_IDX[3].U_GAND_SRL_SLICE/XST_GND
VCC
		U_ila_pro_0/U0/I_NO_D.U_ILA/U_TRIG/U_TM/G_NMU[5].U_M/U_MU/I_MUT_GANDX.U_match/
I_CS_GANDX.U_CS_GANDX_SRL/I_S6.U_CS_GANDX_SRL_S6/U_CS_GAND_SRL_S6/I_USE_RPM_NE0.
U_GAND_SRL_SET/I_WHOLE_SLICE.G_SLICE_IDX[3].U_GAND_SRL_SLICE/XST_VCC
GND 		U_ila_pro_0/XST_GND
VCC 		U_ila_pro_0/XST_VCC
GND 		XST_GND
VCC 		XST_VCC
GND 		ALU/XST_GND
VCC 		ALU/XST_VCC
GND 		Imem/XST_GND
VCC 		Imem/XST_VCC1
GND 		register/XST_GND
VCC 		register/XST_VCC

To enable printing of redundant blocks removed and signals merged, set the
detailed map report option and rerun map.

Section 6 - IOB Properties
--------------------------

+---------------------------------------------------------------------------------------------------------------------------------------------------------+
| IOB Name                           | Type             | Direction | IO Standard          | Diff  | Drive    | Slew | Reg (s)      | Resistor | IOB      |
|                                    |                  |           |                      | Term  | Strength | Rate |              |          | Delay    |
+---------------------------------------------------------------------------------------------------------------------------------------------------------+
| Clk                                | IOB              | INPUT     | LVCMOS33             |       |          |      |              |          |          |
| Led<0>                             | IOB              | OUTPUT    | LVCMOS33             |       | 2        | SLOW |              | PULLDOWN |          |
| Led<1>                             | IOB              | OUTPUT    | LVCMOS33             |       | 2        | SLOW |              | PULLDOWN |          |
| Led<2>                             | IOB              | OUTPUT    | LVCMOS33             |       | 2        | SLOW |              | PULLDOWN |          |
| Led<3>                             | IOB              | OUTPUT    | LVCMOS33             |       | 2        | SLOW |              | PULLDOWN |          |
| Led<4>                             | IOB              | OUTPUT    | LVCMOS33             |       | 2        | SLOW |              | PULLDOWN |          |
| Led<5>                             | IOB              | OUTPUT    | LVCMOS33             |       | 2        | SLOW |              | PULLDOWN |          |
| Led<6>                             | IOB              | OUTPUT    | LVCMOS33             |       | 2        | SLOW |              | PULLDOWN |          |
| Led<7>                             | IOB              | OUTPUT    | LVCMOS33             |       | 2        | SLOW |              | PULLDOWN |          |
| Rst                                | IOB              | INPUT     | LVCMOS33             |       |          |      |              |          |          |
| Switch<0>                          | IOB              | INPUT     | LVCMOS25             |       |          |      |              |          |          |
| Switch<1>                          | IOB              | INPUT     | LVCMOS25             |       |          |      |              |          |          |
| Switch<2>                          | IOB              | INPUT     | LVCMOS25             |       |          |      |              |          |          |
| Switch<3>                          | IOB              | INPUT     | LVCMOS25             |       |          |      |              |          |          |
| Switch<4>                          | IOB              | INPUT     | LVCMOS25             |       |          |      |              |          |          |
| Switch<5>                          | IOB              | INPUT     | LVCMOS25             |       |          |      |              |          |          |
| Switch<6>                          | IOB              | INPUT     | LVCMOS25             |       |          |      |              |          |          |
| Switch<7>                          | IOB              | INPUT     | LVCMOS25             |       |          |      |              |          |          |
| Test<0>                            | IOB              | OUTPUT    | LVCMOS25             |       | 12       | SLOW |              |          |          |
| Test<1>                            | IOB              | OUTPUT    | LVCMOS25             |       | 12       | SLOW |              |          |          |
| Test<2>                            | IOB              | OUTPUT    | LVCMOS25             |       | 12       | SLOW |              |          |          |
| Test<3>                            | IOB              | OUTPUT    | LVCMOS25             |       | 12       | SLOW |              |          |          |
| Test<4>                            | IOB              | OUTPUT    | LVCMOS25             |       | 12       | SLOW |              |          |          |
| Test<5>                            | IOB              | OUTPUT    | LVCMOS25             |       | 12       | SLOW |              |          |          |
| Test<6>                            | IOB              | OUTPUT    | LVCMOS25             |       | 12       | SLOW |              |          |          |
| Test<7>                            | IOB              | OUTPUT    | LVCMOS25             |       | 12       | SLOW |              |          |          |
| Test<8>                            | IOB              | OUTPUT    | LVCMOS25             |       | 12       | SLOW |              |          |          |
| Test<9>                            | IOB              | OUTPUT    | LVCMOS25             |       | 12       | SLOW |              |          |          |
| Test<10>                           | IOB              | OUTPUT    | LVCMOS25             |       | 12       | SLOW |              |          |          |
| Test<11>                           | IOB              | OUTPUT    | LVCMOS25             |       | 12       | SLOW |              |          |          |
| Test<12>                           | IOB              | OUTPUT    | LVCMOS25             |       | 12       | SLOW |              |          |          |
| Test<13>                           | IOB              | OUTPUT    | LVCMOS25             |       | 12       | SLOW |              |          |          |
| Test<14>                           | IOB              | OUTPUT    | LVCMOS25             |       | 12       | SLOW |              |          |          |
| Test<15>                           | IOB              | OUTPUT    | LVCMOS25             |       | 12       | SLOW |              |          |          |
| Test<16>                           | IOB              | OUTPUT    | LVCMOS25             |       | 12       | SLOW |              |          |          |
| Test<17>                           | IOB              | OUTPUT    | LVCMOS25             |       | 12       | SLOW |              |          |          |
| Test<18>                           | IOB              | OUTPUT    | LVCMOS25             |       | 12       | SLOW |              |          |          |
| Test<19>                           | IOB              | OUTPUT    | LVCMOS25             |       | 12       | SLOW |              |          |          |
| Test<20>                           | IOB              | OUTPUT    | LVCMOS25             |       | 12       | SLOW |              |          |          |
| Test<21>                           | IOB              | OUTPUT    | LVCMOS25             |       | 12       | SLOW |              |          |          |
| Test<22>                           | IOB              | OUTPUT    | LVCMOS25             |       | 12       | SLOW |              |          |          |
| Test<23>                           | IOB              | OUTPUT    | LVCMOS25             |       | 12       | SLOW |              |          |          |
| Test<24>                           | IOB              | OUTPUT    | LVCMOS25             |       | 12       | SLOW |              |          |          |
| Test<25>                           | IOB              | OUTPUT    | LVCMOS25             |       | 12       | SLOW |              |          |          |
| Test<26>                           | IOB              | OUTPUT    | LVCMOS25             |       | 12       | SLOW |              |          |          |
| Test<27>                           | IOB              | OUTPUT    | LVCMOS25             |       | 12       | SLOW |              |          |          |
| Test<28>                           | IOB              | OUTPUT    | LVCMOS25             |       | 12       | SLOW |              |          |          |
| Test<29>                           | IOB              | OUTPUT    | LVCMOS25             |       | 12       | SLOW |              |          |          |
| Test<30>                           | IOB              | OUTPUT    | LVCMOS25             |       | 12       | SLOW |              |          |          |
| Test<31>                           | IOB              | OUTPUT    | LVCMOS25             |       | 12       | SLOW |              |          |          |
+---------------------------------------------------------------------------------------------------------------------------------------------------------+

Section 7 - RPMs
----------------
U_ila_pro_0/U0/I_NO_D.U_ILA/U_G2_SQ.U_CAPCTRL/U_CAP_ADDRGEN/U_SCNT_CMP/I_CS_GAND
.U_CS_GAND_SRL/I_S6.U_CS_GAND_SRL_S6/I_USE_RPM_NE0.U_GAND_SRL_SET/MSET
U_ila_pro_0/U0/I_NO_D.U_ILA/U_G2_SQ.U_CAPCTRL/U_CAP_ADDRGEN/U_WCNT_HCMP/I_CS_GAN
D.U_CS_GAND_SRL/I_S6.U_CS_GAND_SRL_S6/I_USE_RPM_NE0.U_GAND_SRL_SET/MSET
U_ila_pro_0/U0/I_NO_D.U_ILA/U_G2_SQ.U_CAPCTRL/U_CAP_ADDRGEN/U_WCNT_LCMP/I_CS_GAN
D.U_CS_GAND_SRL/I_S6.U_CS_GAND_SRL_S6/I_USE_RPM_NE0.U_GAND_SRL_SET/MSET
U_ila_pro_0/U0/I_NO_D.U_ILA/U_G2_SQ.U_CAPCTRL_I_SRLT_NE_1.U_CDONE_MSET
U_ila_pro_0/U0/I_NO_D.U_ILA/U_G2_SQ.U_CAPCTRL_I_SRLT_NE_1.U_CMPRESET_MSET
U_ila_pro_0/U0/I_NO_D.U_ILA/U_G2_SQ.U_CAPCTRL_I_SRLT_NE_1.U_NS0_MSET
U_ila_pro_0/U0/I_NO_D.U_ILA/U_G2_SQ.U_CAPCTRL_I_SRLT_NE_1.U_NS1_MSET
U_ila_pro_0/U0/I_NO_D.U_ILA/U_G2_SQ.U_CAPCTRL_I_SRLT_NE_1.U_SCRST_MSET
U_ila_pro_0/U0/I_NO_D.U_ILA/U_TRIG/U_TM/G_NMU[0].U_M/U_MU/I_MUT_GANDX.U_match/I_
CS_GANDX.U_CS_GANDX_SRL/I_S6.U_CS_GANDX_SRL_S6/U_CS_GAND_SRL_S6/I_USE_RPM_NE0.U_
GAND_SRL_SET/MSET
U_ila_pro_0/U0/I_NO_D.U_ILA/U_TRIG/U_TM/G_NMU[1].U_M/U_MU/I_MUT_GANDX.U_match/I_
CS_GANDX.U_CS_GANDX_SRL/I_S6.U_CS_GANDX_SRL_S6/U_CS_GAND_SRL_S6/I_USE_RPM_NE0.U_
GAND_SRL_SET/MSET
U_ila_pro_0/U0/I_NO_D.U_ILA/U_TRIG/U_TM/G_NMU[2].U_M/U_MU/I_MUT_GANDX.U_match/I_
CS_GANDX.U_CS_GANDX_SRL/I_S6.U_CS_GANDX_SRL_S6/U_CS_GAND_SRL_S6/I_USE_RPM_NE0.U_
GAND_SRL_SET/MSET
U_ila_pro_0/U0/I_NO_D.U_ILA/U_TRIG/U_TM/G_NMU[3].U_M/U_MU/I_MUT_GANDX.U_match/I_
CS_GANDX.U_CS_GANDX_SRL/I_S6.U_CS_GANDX_SRL_S6/U_CS_GAND_SRL_S6/I_USE_RPM_NE0.U_
GAND_SRL_SET/MSET
U_ila_pro_0/U0/I_NO_D.U_ILA/U_TRIG/U_TM/G_NMU[4].U_M/U_MU/I_MUT_GANDX.U_match/I_
CS_GANDX.U_CS_GANDX_SRL/I_S6.U_CS_GANDX_SRL_S6/U_CS_GAND_SRL_S6/I_USE_RPM_NE0.U_
GAND_SRL_SET/MSET
U_ila_pro_0/U0/I_NO_D.U_ILA/U_TRIG/U_TM/G_NMU[5].U_M/U_MU/I_MUT_GANDX.U_match/I_
CS_GANDX.U_CS_GANDX_SRL/I_S6.U_CS_GANDX_SRL_S6/U_CS_GAND_SRL_S6/I_USE_RPM_NE0.U_
GAND_SRL_SET/MSET

Section 8 - Guide Report
------------------------
Guide not run on this design.

Section 9 - Area Group and Partition Summary
--------------------------------------------

Partition Implementation Status
-------------------------------

  No Partitions were found in this design.

-------------------------------

Area Group Information
----------------------

  No area groups were found in this design.

----------------------

Section 10 - Timing Report
--------------------------
A logic-level (pre-route) timing report can be generated by using Xilinx static
timing analysis tools, Timing Analyzer (GUI) or TRCE (command line), with the
mapped NCD and PCF files. Please note that this timing report will be generated
using estimated delay information. For accurate numbers, please generate a
timing report with the post Place and Route NCD file.

For more information about the Timing Analyzer, consult the Xilinx Timing
Analyzer Reference Manual; for more information about TRCE, consult the Xilinx
Command Line Tools User Guide "TRACE" chapter.

Section 11 - Configuration String Details
-----------------------------------------
Use the "-detail" map option to print out Configuration Strings

Section 12 - Control Set Information
------------------------------------
Use the "-detail" map option to print out Control Set Information.

Section 13 - Utilization by Hierarchy
-------------------------------------
Use the "-detail" map option to print out the Utilization by Hierarchy section.
